<?xml version="1.0" encoding="UTF-8"?>
<testng-results ignored="0" total="1" passed="1" failed="0" skipped="0">
  <reporter-output>
  </reporter-output>
  <suite started-at="2024-12-09T00:22:40 IST" name="Default suite" finished-at="2024-12-09T00:22:46 IST" duration-ms="5885">
    <groups>
    </groups>
    <test started-at="2024-12-09T00:22:40 IST" name="Default test" finished-at="2024-12-09T00:22:46 IST" duration-ms="5885">
      <class name="Selenium.testCases.TestCases">
        <test-method is-config="true" signature="initialize()[pri:0, instance:Selenium.testCases.TestCases@19e4653c]" started-at="2024-12-09T00:22:40 IST" name="initialize" finished-at="2024-12-09T00:22:46 IST" duration-ms="5684" status="PASS">
          <reporter-output>
          </reporter-output>
        </test-method> <!-- initialize -->
        <test-method signature="test_case01()[pri:1, instance:Selenium.testCases.TestCases@19e4653c]" started-at="2024-12-09T00:22:46 IST" name="test_case01" finished-at="2024-12-09T00:22:46 IST" duration-ms="111" status="PASS">
          <reporter-output>
          </reporter-output>
        </test-method> <!-- test_case01 -->
      </class> <!-- Selenium.testCases.TestCases -->
    </test> <!-- Default test -->
  </suite> <!-- Default suite -->
</testng-results>
